<?xml version="1.0" encoding="UTF-8"?>
<!-- Generated by org.testng.reporters.JUnitReportReporter -->
<testsuite hostname="MT-HTGHR93" failures="0" tests="10" name="com.bigsmall.TestCases.RunnerClass" time="264.462" errors="0" timestamp="2021-11-22T15:50:38 IST" skipped="0">
  <testcase classname="com.bigsmall.TestCases.RunnerClass" name="merchen" time="47.150"/>
  <system-out/>
  <testcase classname="com.bigsmall.TestCases.RunnerClass" name="heading" time="27.584"/>
  <system-out/>
  <testcase classname="com.bigsmall.TestCases.RunnerClass" name="LoginTest" time="27.158"/>
  <system-out/>
  <testcase classname="com.bigsmall.TestCases.RunnerClass" name="merchen1" time="31.143"/>
  <system-out/>
  <testcase classname="com.bigsmall.TestCases.RunnerClass" name="merchen2" time="24.424"/>
  <system-out/>
  <testcase classname="com.bigsmall.TestCases.RunnerClass" name="merchen4" time="17.148"/>
  <system-out/>
  <testcase classname="com.bigsmall.TestCases.RunnerClass" name="Statements" time="25.715"/>
  <system-out/>
  <testcase classname="com.bigsmall.TestCases.RunnerClass" name="LatestProd" time="17.213"/>
  <system-out/>
  <testcase classname="com.bigsmall.TestCases.RunnerClass" name="AllOfItClick" time="22.787"/>
  <system-out/>
  <testcase classname="com.bigsmall.TestCases.RunnerClass" name="AboutUsClick" time="24.140"/>
  <system-out/>
</testsuite> <!-- com.bigsmall.TestCases.RunnerClass -->
